[0m17:34:17.204091 [debug] [MainThread]: Sending event: {'category': 'dbt', 'action': 'invocation', 'label': 'start', 'context': [<snowplow_tracker.self_describing_json.SelfDescribingJson object at 0x00000285D5689430>, <snowplow_tracker.self_describing_json.SelfDescribingJson object at 0x00000285D5C80710>, <snowplow_tracker.self_describing_json.SelfDescribingJson object at 0x00000285D0176450>]}


============================== 17:34:17.217101 | 247a440b-60b9-4db8-a8f4-d2476b062419 ==============================
[0m17:34:17.217101 [info ] [MainThread]: Running with dbt=1.8.2
[0m17:34:17.221101 [debug] [MainThread]: running dbt with arguments {'printer_width': '80', 'indirect_selection': 'eager', 'log_cache_events': 'False', 'write_json': 'True', 'partial_parse': 'True', 'cache_selected_only': 'False', 'profiles_dir': 'C:\\Users\\lenovo\\.dbt', 'debug': 'False', 'warn_error': 'None', 'log_path': 'logs', 'fail_fast': 'False', 'version_check': 'True', 'use_colors': 'True', 'use_experimental_parser': 'False', 'no_print': 'None', 'quiet': 'False', 'warn_error_options': 'WarnErrorOptions(include=[], exclude=[])', 'invocation_command': 'dbt init my_dbt_project2_kr', 'static_parser': 'True', 'introspect': 'True', 'target_path': 'None', 'log_format': 'default', 'send_anonymous_usage_stats': 'True'}
[0m17:34:17.339090 [debug] [MainThread]: Starter project path: C:\Users\lenovo\AppData\Local\Programs\Python\Python312\Lib\site-packages\dbt\include\starter_project
[0m17:34:17.421960 [info ] [MainThread]: 
Your new dbt project "my_dbt_project2_kr" was created!

For more information on how to configure the profiles.yml file,
please consult the dbt documentation here:

  https://docs.getdbt.com/docs/configure-your-profile

One more thing:

Need help? Don't hesitate to reach out to us via GitHub issues or on Slack:

  https://community.getdbt.com/

Happy modeling!

[0m17:34:17.435975 [info ] [MainThread]: Setting up your profile.
[0m17:43:24.394495 [info ] [MainThread]: Profile my_dbt_project2_kr written to C:\Users\lenovo\.dbt\profiles.yml using target's profile_template.yml and your supplied values. Run 'dbt debug' to validate the connection.
[0m17:43:24.401495 [debug] [MainThread]: Command `dbt init` succeeded at 17:43:24.401495 after 547.60 seconds
[0m17:43:24.404493 [debug] [MainThread]: Sending event: {'category': 'dbt', 'action': 'invocation', 'label': 'end', 'context': [<snowplow_tracker.self_describing_json.SelfDescribingJson object at 0x00000285D5064770>, <snowplow_tracker.self_describing_json.SelfDescribingJson object at 0x00000285D5689430>, <snowplow_tracker.self_describing_json.SelfDescribingJson object at 0x00000285D537C9B0>]}
[0m17:43:24.447528 [debug] [MainThread]: Flushing usage events
[0m18:15:45.161194 [debug] [MainThread]: Sending event: {'category': 'dbt', 'action': 'invocation', 'label': 'start', 'context': [<snowplow_tracker.self_describing_json.SelfDescribingJson object at 0x000001B78DAFAAB0>, <snowplow_tracker.self_describing_json.SelfDescribingJson object at 0x000001B78F59F650>, <snowplow_tracker.self_describing_json.SelfDescribingJson object at 0x000001B78F59F3B0>]}


============================== 18:15:45.182194 | a1cb95fd-975b-4e0a-a2d6-6e1fbf30cf69 ==============================
[0m18:15:45.182194 [info ] [MainThread]: Running with dbt=1.8.2
[0m18:15:45.184206 [debug] [MainThread]: running dbt with arguments {'printer_width': '80', 'indirect_selection': 'eager', 'write_json': 'True', 'log_cache_events': 'False', 'partial_parse': 'True', 'cache_selected_only': 'False', 'profiles_dir': 'C:\\Users\\lenovo\\.dbt', 'version_check': 'True', 'fail_fast': 'False', 'log_path': 'logs', 'debug': 'False', 'warn_error': 'None', 'use_colors': 'True', 'use_experimental_parser': 'False', 'no_print': 'None', 'quiet': 'False', 'log_format': 'default', 'introspect': 'True', 'warn_error_options': 'WarnErrorOptions(include=[], exclude=[])', 'invocation_command': 'dbt run', 'target_path': 'None', 'static_parser': 'True', 'send_anonymous_usage_stats': 'True'}
[0m18:15:45.186206 [error] [MainThread]: Encountered an error:
Runtime Error
  No dbt_project.yml found at expected path C:\Users\lenovo\Documents\belajar_dbt\dbt_project.yml
  Verify that each entry within packages.yml (and their transitive dependencies) contains a file named dbt_project.yml
  
[0m18:15:45.192208 [debug] [MainThread]: Command `dbt run` failed at 18:15:45.191197 after 0.68 seconds
[0m18:15:45.193198 [debug] [MainThread]: Sending event: {'category': 'dbt', 'action': 'invocation', 'label': 'end', 'context': [<snowplow_tracker.self_describing_json.SelfDescribingJson object at 0x000001B78DAFAAB0>, <snowplow_tracker.self_describing_json.SelfDescribingJson object at 0x000001B7903F0980>, <snowplow_tracker.self_describing_json.SelfDescribingJson object at 0x000001B78FC976B0>]}
[0m18:15:45.195197 [debug] [MainThread]: Flushing usage events
